<?xml version="1.0" encoding="UTF-8"?>
<!-- Generated by org.testng.reporters.JUnitXMLReporter -->
<testsuite hostname="Baztronics-PC" ignored="0" name="Bank Manager LoginTest" tests="1" failures="1" timestamp="05 مار 2019 18:53:47 GMT" time="5.154" errors="0">
  <testcase name="LoginAsTestManager" time="5.087" classname="com.w2a.TestCases.BankManagerLoginTest">
    <failure type="java.lang.AssertionError" message="login not successful">
      <![CDATA[java.lang.AssertionError: login not successful
	at com.w2a.TestCases.BankManagerLoginTest.LoginAsTestManager(BankManagerLoginTest.java:20)
... Removed 26 stack frames]]>
    </failure>
  </testcase> <!-- LoginAsTestManager -->
</testsuite> <!-- Bank Manager LoginTest -->
